* using log directory 'C:/Users/Florent/Documents/BehavioralDataAnalysisGithub/BehavioralDataAnalysis/R package/BehavioralDataAnalysis.Rcheck'
* using R version 4.2.2 (2022-10-31 ucrt)
* using platform: x86_64-w64-mingw32 (64-bit)
* using session charset: UTF-8
* using options '--no-manual --as-cran'
* checking for file 'BehavioralDataAnalysis/DESCRIPTION' ... OK
* checking extension type ... Package
* this is package 'BehavioralDataAnalysis' version '0.1.0'
* package encoding: UTF-8
* checking package namespace information ... OK
* checking package dependencies ... OK
* checking if this is a source package ... OK
* checking if there is a namespace ... OK
* checking for executable files ... OK
* checking for hidden files and directories ... OK
* checking for portable file names ... OK
* checking serialization versions ... OK
* checking whether package 'BehavioralDataAnalysis' can be installed ... OK
* checking installed package size ... OK
* checking package directory ... OK
* checking for future file timestamps ... OK
* checking DESCRIPTION meta-information ... OK
* checking top-level files ... OK
* checking for left-over files ... OK
* checking index information ... OK
* checking package subdirectories ... OK
* checking R files for non-ASCII characters ... OK
* checking R files for syntax errors ... OK
* checking whether the package can be loaded ... OK
* checking whether the package can be loaded with stated dependencies ... OK
* checking whether the package can be unloaded cleanly ... OK
* checking whether the namespace can be loaded with stated dependencies ... OK
* checking whether the namespace can be unloaded cleanly ... OK
* checking loading without being on the library search path ... OK
* checking dependencies in R code ... OK
* checking S3 generic/method consistency ... OK
* checking replacement functions ... OK
* checking foreign function calls ... OK
* checking R code for possible problems ... NOTE
pairing: no visible binding for global variable 'N'
Undefined global functions or variables:
  N
* checking Rd files ... OK
* checking Rd metadata ... OK
* checking Rd line widths ... OK
* checking Rd cross-references ... OK
* checking for missing documentation entries ... WARNING
Undocumented code objects:
  'df_na'
Undocumented data sets:
  'df_na'
All user-level objects in a package should have documentation entries.
See chapter 'Writing R documentation files' in the 'Writing R
Extensions' manual.
* checking for code/documentation mismatches ... OK
* checking Rd \usage sections ... OK
* checking Rd contents ... OK
* checking for unstated dependencies in examples ... OK
* checking contents of 'data' directory ... OK
* checking data for non-ASCII characters ... OK
* checking LazyData ... OK
* checking data for ASCII and uncompressed saves ... OK
* checking examples ... ERROR
Running examples in 'BehavioralDataAnalysis-Ex.R' failed
The error most likely occurred in:

> base::assign(".ptime", proc.time(), pos = "CheckExEnv")
> ### Name: pairing
> ### Title: Creates a list of pairs of rows close to each other
> ### Aliases: pairing
> 
> ### ** Examples
> 
> df1 <- data.frame(
+ id = 1:6,
+ x = c(1, 1.5, 5, 5.5, 10, 10.5),
+ y = c(1, 1.5, 5, 5.5, 10, 10.5))
> pairing(df1, 'id')
Error in is.numeric(x) | is.integer(x) | is.factor(x) | is.character : 
  operations are possible only for numeric, logical or complex types
Calls: pairing -> sapply -> lapply -> FUN
Execution halted
* checking for unstated dependencies in 'tests' ... OK
* checking tests ... ERROR
  Running 'testthat.R'
Running the tests in 'tests/testthat.R' failed.
Last 13 lines of output:
   4.       └─base::lapply(X = X, FUN = FUN, ...)
   5.         └─BehavioralDataAnalysis (local) FUN(X[[i]], ...)
  ── Error ('test-strat_assign.R:19'): stratified assignment works with character data ──
  Error in `is.numeric(x) | is.integer(x) | is.factor(x) | is.character`: operations are possible only for numeric, logical or complex types
  Backtrace:
      ▆
   1. └─BehavioralDataAnalysis::strat_assign(df_char, id = "id") at test-strat_assign.R:19:2
   2.   └─BehavioralDataAnalysis::pairing(df, id = id, n.groups = n.groups)
   3.     └─base::sapply(...)
   4.       └─base::lapply(X = X, FUN = FUN, ...)
   5.         └─BehavioralDataAnalysis (local) FUN(X[[i]], ...)
  
  [ FAIL 7 | WARN 0 | SKIP 0 | PASS 2 ]
  Error: Test failures
  Execution halted
* checking for non-standard things in the check directory ... OK
* checking for detritus in the temp directory ... OK
* DONE
Status: 2 ERRORs, 1 WARNING, 1 NOTE
