sample.interval=20000
"Rprof" 
"runif" 
"runif" 
"runif" 
"runif" 
"runif" 
"runif" 
"runif" 
"runif" 
"runif" 
"order" 
"order" 
"order" 
"order" 
"order" 
"order" 
"order" 
"order" 
"order" 
"order" 
"order" 
"order" 
"order" 
"order" 
"order" 
"order" 
"order" "sort.int" "sort.default" "sort" 
"order" "sort.int" "sort.default" "sort" 
"order" "sort.int" "sort.default" "sort" 
"order" "sort.int" "sort.default" "sort" 
"order" "sort.int" "sort.default" "sort" 
"order" "sort.int" "sort.default" "sort" 
"order" "sort.int" "sort.default" "sort" 
"order" "sort.int" "sort.default" "sort" 
"order" "sort.int" "sort.default" "sort" 
"order" "sort.int" "sort.default" "sort" 
"order" "sort.int" "sort.default" "sort" 
"order" "sort.int" "sort.default" "sort" 
"order" "sort.int" "sort.default" "sort" 
"order" "sort.int" "sort.default" "sort" 
"order" "sort.int" "sort.default" "sort" 
"order" "sort.int" "sort.default" "sort" 
"order" "sort.int" "sort.default" "sort" 
"order" "sort.int" "sort.default" "sort" 
"order" "sort.int" "sort.default" "sort" 
"order" "sort.int" "sort.default" "sort" 
"order" "sort.int" "sort.default" "sort" 
"order" "sort.int" "sort.default" "sort" 
"sort.int" "sort.default" "sort" 
"sort.int" "sort.default" "sort" 
"sort.int" "sort.default" "sort" 
"sort.int" "sort.default" "sort" 
